app/build/intermediates/manifest_merge_blame_file/debug/manifest-merger-blame-debug-report.txt
1<?xml version="1.0" encoding="utf-8"?>
2<manifest xmlns:android="http://schemas.android.com/apk/res/android"
3    package="com.star4droid.star2d.evo"
4    android:versionCode="11"
5    android:versionName="0.1.1Beta" >
6
7    <uses-sdk
7-->src/main/AndroidManifest.xml:15:5-73
8        android:minSdkVersion="21"
8-->src/main/AndroidManifest.xml:15:15-41
9        android:targetSdkVersion="34" />
9-->src/main/AndroidManifest.xml:15:42-71
10
11    <uses-permission android:name="android.permission.INTERNET" />
11-->src/main/AndroidManifest.xml:6:2-64
11-->src/main/AndroidManifest.xml:6:19-61
12    <uses-permission android:name="android.permission.FOREGROUND_SERVICE" />
12-->src/main/AndroidManifest.xml:7:2-74
12-->src/main/AndroidManifest.xml:7:19-71
13    <uses-permission android:name="android.permission.FOREGROUND_SERVICE_DATA_SYNC" />
13-->src/main/AndroidManifest.xml:8:5-86
13-->src/main/AndroidManifest.xml:8:22-84
14    <uses-permission android:name="android.permission.READ_EXTERNAL_STORAGE" />
14-->src/main/AndroidManifest.xml:9:5-80
14-->src/main/AndroidManifest.xml:9:22-77
15    <uses-permission android:name="android.permission.WRITE_EXTERNAL_STORAGE" />
15-->src/main/AndroidManifest.xml:10:2-78
15-->src/main/AndroidManifest.xml:10:19-75
16    <uses-permission android:name="android.permission.ACCESS_MEDIA_LOCATION" />
16-->src/main/AndroidManifest.xml:11:2-77
16-->src/main/AndroidManifest.xml:11:19-74
17    <uses-permission android:name="android.permission.WRITE_MEDIA_STORAGE" />
17-->src/main/AndroidManifest.xml:12:2-75
17-->src/main/AndroidManifest.xml:12:19-72
18    <uses-permission android:name="android.permission.REQUEST_INSTALL_PACKAGES" />
18-->src/main/AndroidManifest.xml:13:2-80
18-->src/main/AndroidManifest.xml:13:19-77
19    <uses-permission android:name="android.permission.MANAGE_EXTERNAL_STORAGE" />
19-->src/main/AndroidManifest.xml:14:2-78
19-->src/main/AndroidManifest.xml:14:19-76
20
21    <uses-feature
21-->[com.badlogicgames.gdx:gdx-backend-android:1.13.1] AndroidManifest.xml:7:5-9:35
22        android:glEsVersion="0x00020000"
22-->[com.badlogicgames.gdx:gdx-backend-android:1.13.1] AndroidManifest.xml:8:9-41
23        android:required="true" />
23-->[com.badlogicgames.gdx:gdx-backend-android:1.13.1] AndroidManifest.xml:9:9-32
24
25    <permission
25-->[androidx.core:core:1.13.1] AndroidManifest.xml:22:5-24:47
26        android:name="com.star4droid.star2d.evo.DYNAMIC_RECEIVER_NOT_EXPORTED_PERMISSION"
26-->[androidx.core:core:1.13.1] AndroidManifest.xml:23:9-81
27        android:protectionLevel="signature" />
27-->[androidx.core:core:1.13.1] AndroidManifest.xml:24:9-44
28
29    <uses-permission android:name="com.star4droid.star2d.evo.DYNAMIC_RECEIVER_NOT_EXPORTED_PERMISSION" />
29-->[androidx.core:core:1.13.1] AndroidManifest.xml:26:5-97
29-->[androidx.core:core:1.13.1] AndroidManifest.xml:26:22-94
30
31    <application
31-->src/main/AndroidManifest.xml:17:5-143:19
32        android:name="com.star4droid.star2d.evo.star2dApp"
32-->src/main/AndroidManifest.xml:25:3-53
33        android:allowBackup="true"
33-->src/main/AndroidManifest.xml:18:9-35
34        android:appComponentFactory="androidx.core.app.CoreComponentFactory"
34-->[androidx.core:core:1.13.1] AndroidManifest.xml:28:18-86
35        android:debuggable="true"
36        android:icon="@drawable/icon"
36-->src/main/AndroidManifest.xml:19:9-38
37        android:label="@string/app_name"
37-->src/main/AndroidManifest.xml:20:9-41
38        android:requestLegacyExternalStorage="true"
38-->src/main/AndroidManifest.xml:23:3-46
39        android:roundIcon="@drawable/icon"
39-->src/main/AndroidManifest.xml:21:9-43
40        android:supportsRtl="false"
40-->src/main/AndroidManifest.xml:22:9-36
41        android:theme="@style/AppTheme"
41-->src/main/AndroidManifest.xml:26:9-40
42        android:usesCleartextTraffic="true" >
42-->src/main/AndroidManifest.xml:24:3-38
43        <activity
43-->src/main/AndroidManifest.xml:27:9-36:20
44            android:name="com.star4droid.star2d.MainActivity"
44-->src/main/AndroidManifest.xml:28:13-62
45            android:exported="true"
45-->src/main/AndroidManifest.xml:31:13-36
46            android:screenOrientation="landscape"
46-->src/main/AndroidManifest.xml:30:4-41
47            android:theme="@style/AppTheme.FullScreen" >
47-->src/main/AndroidManifest.xml:29:4-46
48            <intent-filter>
48-->src/main/AndroidManifest.xml:32:13-35:29
49                <action android:name="android.intent.action.MAIN" />
49-->src/main/AndroidManifest.xml:33:17-69
49-->src/main/AndroidManifest.xml:33:25-66
50
51                <category android:name="android.intent.category.LAUNCHER" />
51-->src/main/AndroidManifest.xml:34:17-77
51-->src/main/AndroidManifest.xml:34:27-74
52            </intent-filter>
53        </activity>
54        <activity
54-->src/main/AndroidManifest.xml:38:3-42:38
55            android:name="com.star4droid.star2d.ProjectsActivity"
55-->src/main/AndroidManifest.xml:39:3-56
56            android:exported="true"
56-->src/main/AndroidManifest.xml:42:3-26
57            android:screenOrientation="landscape"
57-->src/main/AndroidManifest.xml:41:3-40
58            android:theme="@style/AppTheme.FullScreen" />
58-->src/main/AndroidManifest.xml:40:3-45
59        <activity
59-->src/main/AndroidManifest.xml:43:3-51:14
60            android:name="com.star4droid.star2d.EditorActivity"
60-->src/main/AndroidManifest.xml:44:3-54
61            android:configChanges="orientation|screenSize|keyboardHidden|smallestScreenSize|screenLayout"
61-->src/main/AndroidManifest.xml:45:3-96
62            android:exported="true"
62-->src/main/AndroidManifest.xml:50:3-26
63            android:hardwareAccelerated="true"
63-->src/main/AndroidManifest.xml:46:3-37
64            android:screenOrientation="landscape"
64-->src/main/AndroidManifest.xml:48:3-40
65            android:supportsPictureInPicture="true"
65-->src/main/AndroidManifest.xml:47:3-42
66            android:theme="@style/AppTheme.FullScreen" >
66-->src/main/AndroidManifest.xml:49:3-45
67        </activity>
68        <activity
68-->src/main/AndroidManifest.xml:52:3-60:14
69            android:name="com.star4droid.star2d.PortraitPlayer"
69-->src/main/AndroidManifest.xml:53:3-54
70            android:configChanges="orientation|screenSize|keyboardHidden|smallestScreenSize|screenLayout"
70-->src/main/AndroidManifest.xml:54:3-96
71            android:exported="true"
71-->src/main/AndroidManifest.xml:59:3-26
72            android:hardwareAccelerated="true"
72-->src/main/AndroidManifest.xml:55:3-37
73            android:screenOrientation="fullSensor"
73-->src/main/AndroidManifest.xml:57:3-41
74            android:supportsPictureInPicture="true"
74-->src/main/AndroidManifest.xml:56:3-42
75            android:theme="@style/AppTheme.FullScreen" >
75-->src/main/AndroidManifest.xml:58:3-45
76        </activity>
77        <activity
77-->src/main/AndroidManifest.xml:61:3-69:29
78            android:name="com.star4droid.star2d.Activities.CodeEditorActivity"
78-->src/main/AndroidManifest.xml:62:4-70
79            android:configChanges="orientation|screenSize|keyboardHidden|smallestScreenSize|screenLayout"
79-->src/main/AndroidManifest.xml:63:4-97
80            android:exported="true"
80-->src/main/AndroidManifest.xml:69:4-27
81            android:hardwareAccelerated="true"
81-->src/main/AndroidManifest.xml:64:4-38
82            android:screenOrientation="fullSensor"
82-->src/main/AndroidManifest.xml:66:4-42
83            android:supportsPictureInPicture="true"
83-->src/main/AndroidManifest.xml:65:4-43
84            android:theme="@style/AppTheme"
84-->src/main/AndroidManifest.xml:67:4-35
85            android:windowSoftInputMode="adjustResize|stateVisible" />
85-->src/main/AndroidManifest.xml:68:4-59
86        <activity
86-->src/main/AndroidManifest.xml:70:3-78:14
87            android:name="com.star4droid.star2d.LandscapePlayer"
87-->src/main/AndroidManifest.xml:71:3-55
88            android:configChanges="orientation|screenSize|keyboardHidden|smallestScreenSize|screenLayout"
88-->src/main/AndroidManifest.xml:72:3-96
89            android:exported="true"
89-->src/main/AndroidManifest.xml:77:3-26
90            android:hardwareAccelerated="true"
90-->src/main/AndroidManifest.xml:73:3-37
91            android:screenOrientation="landscape"
91-->src/main/AndroidManifest.xml:75:3-40
92            android:supportsPictureInPicture="true"
92-->src/main/AndroidManifest.xml:74:3-42
93            android:theme="@style/AppTheme.FullScreen" >
93-->src/main/AndroidManifest.xml:76:3-45
94        </activity>
95        <activity
95-->src/main/AndroidManifest.xml:79:3-87:14
96            android:name="com.star4droid.star2d.Activities.FilesManagerActivity"
96-->src/main/AndroidManifest.xml:80:3-71
97            android:configChanges="orientation|screenSize|keyboardHidden|smallestScreenSize|screenLayout"
97-->src/main/AndroidManifest.xml:81:3-96
98            android:exported="true"
98-->src/main/AndroidManifest.xml:86:3-26
99            android:hardwareAccelerated="true"
99-->src/main/AndroidManifest.xml:82:3-37
100            android:screenOrientation="landscape"
100-->src/main/AndroidManifest.xml:84:3-40
101            android:supportsPictureInPicture="true"
101-->src/main/AndroidManifest.xml:83:3-42
102            android:theme="@style/AppTheme.FullScreen" >
102-->src/main/AndroidManifest.xml:85:3-45
103        </activity>
104        <activity
104-->src/main/AndroidManifest.xml:88:3-95:28
105            android:name="com.star4droid.star2d.Activities.SettingsActivity"
105-->src/main/AndroidManifest.xml:89:3-67
106            android:configChanges="orientation|screenSize|keyboardHidden|smallestScreenSize|screenLayout"
106-->src/main/AndroidManifest.xml:90:3-96
107            android:exported="true"
107-->src/main/AndroidManifest.xml:95:3-26
108            android:hardwareAccelerated="true"
108-->src/main/AndroidManifest.xml:91:3-37
109            android:screenOrientation="landscape"
109-->src/main/AndroidManifest.xml:93:3-40
110            android:supportsPictureInPicture="true"
110-->src/main/AndroidManifest.xml:92:3-42
111            android:theme="@style/AppTheme.FullScreen" />
111-->src/main/AndroidManifest.xml:94:3-45
112        <activity
112-->src/main/AndroidManifest.xml:96:3-104:14
113            android:name="com.star4droid.star2d.Activities.AnimationActivity"
113-->src/main/AndroidManifest.xml:97:3-68
114            android:configChanges="orientation|screenSize|keyboardHidden|smallestScreenSize|screenLayout"
114-->src/main/AndroidManifest.xml:98:3-96
115            android:exported="true"
115-->src/main/AndroidManifest.xml:103:3-26
116            android:hardwareAccelerated="true"
116-->src/main/AndroidManifest.xml:99:3-37
117            android:screenOrientation="landscape"
117-->src/main/AndroidManifest.xml:101:3-40
118            android:supportsPictureInPicture="true"
118-->src/main/AndroidManifest.xml:100:3-42
119            android:theme="@style/AppTheme.FullScreen" >
119-->src/main/AndroidManifest.xml:102:3-45
120        </activity>
121
122        <service
122-->src/main/AndroidManifest.xml:105:3-112:5
123            android:name="com.star4droid.star2d.Activities.IndexingService"
123-->src/main/AndroidManifest.xml:108:3-66
124            android:enabled="true"
124-->src/main/AndroidManifest.xml:106:3-25
125            android:exported="true"
125-->src/main/AndroidManifest.xml:107:3-26
126            android:foregroundServiceType="dataSync"
126-->src/main/AndroidManifest.xml:109:3-43
127            android:permission="android.permission.FOREGROUND_SERVICE"
127-->src/main/AndroidManifest.xml:111:3-61
128            android:stopWithTask="false" />
128-->src/main/AndroidManifest.xml:110:3-31
129
130        <provider
130-->src/main/AndroidManifest.xml:113:3-121:14
131            android:name="androidx.core.content.FileProvider"
131-->src/main/AndroidManifest.xml:114:3-52
132            android:authorities="com.star4droid.star2d.evo.fileprovider"
132-->src/main/AndroidManifest.xml:115:3-63
133            android:exported="false"
133-->src/main/AndroidManifest.xml:116:3-27
134            android:grantUriPermissions="true" >
134-->src/main/AndroidManifest.xml:117:3-37
135            <meta-data
135-->src/main/AndroidManifest.xml:118:3-120:40
136                android:name="android.support.FILE_PROVIDER_PATHS"
136-->src/main/AndroidManifest.xml:119:3-53
137                android:resource="@xml/file_paths" />
137-->src/main/AndroidManifest.xml:120:3-37
138        </provider>
139
140        <meta-data
140-->src/main/AndroidManifest.xml:122:9-124:57
141            android:name="preloaded_fonts"
141-->src/main/AndroidManifest.xml:123:13-43
142            android:resource="@array/preloaded_fonts" />
142-->src/main/AndroidManifest.xml:124:13-54
143
144        <activity
144-->src/main/AndroidManifest.xml:126:2-131:40
145            android:name="bin.mt.file.content.MTDataFilesWakeUpActivity"
145-->src/main/AndroidManifest.xml:127:13-73
146            android:excludeFromRecents="true"
146-->src/main/AndroidManifest.xml:130:13-46
147            android:exported="true"
147-->src/main/AndroidManifest.xml:128:13-36
148            android:noHistory="true"
148-->src/main/AndroidManifest.xml:131:13-37
149            android:taskAffinity="com.star4droid.star2d.evo.MTDataFilesWakeUp" />
149-->src/main/AndroidManifest.xml:129:13-79
150
151        <provider
151-->src/main/AndroidManifest.xml:132:9-142:20
152            android:name="bin.mt.file.content.MTDataFilesProvider"
152-->src/main/AndroidManifest.xml:133:13-67
153            android:authorities="com.star4droid.star2d.evo.MTDataFilesProvider"
153-->src/main/AndroidManifest.xml:136:13-80
154            android:exported="true"
154-->src/main/AndroidManifest.xml:135:13-36
155            android:grantUriPermissions="true"
155-->src/main/AndroidManifest.xml:137:13-47
156            android:permission="android.permission.MANAGE_DOCUMENTS" >
156-->src/main/AndroidManifest.xml:134:13-69
157            <intent-filter>
157-->src/main/AndroidManifest.xml:138:13-141:29
158                <action android:name="android.content.action.DOCUMENTS_PROVIDER" />
158-->src/main/AndroidManifest.xml:139:17-140:80
158-->src/main/AndroidManifest.xml:140:21-77
159            </intent-filter>
160        </provider>
161        <provider
161-->[androidx.emoji2:emoji2:1.2.0] AndroidManifest.xml:24:9-32:20
162            android:name="androidx.startup.InitializationProvider"
162-->[androidx.emoji2:emoji2:1.2.0] AndroidManifest.xml:25:13-67
163            android:authorities="com.star4droid.star2d.evo.androidx-startup"
163-->[androidx.emoji2:emoji2:1.2.0] AndroidManifest.xml:26:13-68
164            android:exported="false" >
164-->[androidx.emoji2:emoji2:1.2.0] AndroidManifest.xml:27:13-37
165            <meta-data
165-->[androidx.emoji2:emoji2:1.2.0] AndroidManifest.xml:29:13-31:52
166                android:name="androidx.emoji2.text.EmojiCompatInitializer"
166-->[androidx.emoji2:emoji2:1.2.0] AndroidManifest.xml:30:17-75
167                android:value="androidx.startup" />
167-->[androidx.emoji2:emoji2:1.2.0] AndroidManifest.xml:31:17-49
168            <meta-data
168-->[androidx.lifecycle:lifecycle-process:2.6.2] AndroidManifest.xml:29:13-31:52
169                android:name="androidx.lifecycle.ProcessLifecycleInitializer"
169-->[androidx.lifecycle:lifecycle-process:2.6.2] AndroidManifest.xml:30:17-78
170                android:value="androidx.startup" />
170-->[androidx.lifecycle:lifecycle-process:2.6.2] AndroidManifest.xml:31:17-49
171            <meta-data
171-->[androidx.profileinstaller:profileinstaller:1.3.0] AndroidManifest.xml:29:13-31:52
172                android:name="androidx.profileinstaller.ProfileInstallerInitializer"
172-->[androidx.profileinstaller:profileinstaller:1.3.0] AndroidManifest.xml:30:17-85
173                android:value="androidx.startup" />
173-->[androidx.profileinstaller:profileinstaller:1.3.0] AndroidManifest.xml:31:17-49
174        </provider>
175
176        <receiver
176-->[androidx.profileinstaller:profileinstaller:1.3.0] AndroidManifest.xml:34:9-52:20
177            android:name="androidx.profileinstaller.ProfileInstallReceiver"
177-->[androidx.profileinstaller:profileinstaller:1.3.0] AndroidManifest.xml:35:13-76
178            android:directBootAware="false"
178-->[androidx.profileinstaller:profileinstaller:1.3.0] AndroidManifest.xml:36:13-44
179            android:enabled="true"
179-->[androidx.profileinstaller:profileinstaller:1.3.0] AndroidManifest.xml:37:13-35
180            android:exported="true"
180-->[androidx.profileinstaller:profileinstaller:1.3.0] AndroidManifest.xml:38:13-36
181            android:permission="android.permission.DUMP" >
181-->[androidx.profileinstaller:profileinstaller:1.3.0] AndroidManifest.xml:39:13-57
182            <intent-filter>
182-->[androidx.profileinstaller:profileinstaller:1.3.0] AndroidManifest.xml:40:13-42:29
183                <action android:name="androidx.profileinstaller.action.INSTALL_PROFILE" />
183-->[androidx.profileinstaller:profileinstaller:1.3.0] AndroidManifest.xml:41:17-91
183-->[androidx.profileinstaller:profileinstaller:1.3.0] AndroidManifest.xml:41:25-88
184            </intent-filter>
185            <intent-filter>
185-->[androidx.profileinstaller:profileinstaller:1.3.0] AndroidManifest.xml:43:13-45:29
186                <action android:name="androidx.profileinstaller.action.SKIP_FILE" />
186-->[androidx.profileinstaller:profileinstaller:1.3.0] AndroidManifest.xml:44:17-85
186-->[androidx.profileinstaller:profileinstaller:1.3.0] AndroidManifest.xml:44:25-82
187            </intent-filter>
188            <intent-filter>
188-->[androidx.profileinstaller:profileinstaller:1.3.0] AndroidManifest.xml:46:13-48:29
189                <action android:name="androidx.profileinstaller.action.SAVE_PROFILE" />
189-->[androidx.profileinstaller:profileinstaller:1.3.0] AndroidManifest.xml:47:17-88
189-->[androidx.profileinstaller:profileinstaller:1.3.0] AndroidManifest.xml:47:25-85
190            </intent-filter>
191            <intent-filter>
191-->[androidx.profileinstaller:profileinstaller:1.3.0] AndroidManifest.xml:49:13-51:29
192                <action android:name="androidx.profileinstaller.action.BENCHMARK_OPERATION" />
192-->[androidx.profileinstaller:profileinstaller:1.3.0] AndroidManifest.xml:50:17-95
192-->[androidx.profileinstaller:profileinstaller:1.3.0] AndroidManifest.xml:50:25-92
193            </intent-filter>
194        </receiver>
195    </application>
196
197</manifest>